
INFO  2021-07-03 15:09:52 [JavaFX Application Thread] ru.gb.pugacheva.client.core.NettyNetworkService (NettyNetworkService.java:81) - С клиента на сервер отправлена команда LOGIN с аргументами [Bob, b]
INFO  2021-07-03 15:09:53 [JavaFX Application Thread] ru.gb.pugacheva.client.controller.Controller (Controller.java:179) - Клиенту показан Alert Такой логин уже существует с другим паролем. Введите другую пару логин/пароль для регистрации
INFO  2021-07-03 15:10:00 [JavaFX Application Thread] ru.gb.pugacheva.client.core.NettyNetworkService (NettyNetworkService.java:81) - С клиента на сервер отправлена команда LOGIN с аргументами [Bob, bob]
INFO  2021-07-03 15:10:00 [nioEventLoopGroup-2-1] ru.gb.pugacheva.client.core.NettyNetworkService (NettyNetworkService.java:81) - С клиента на сервер отправлена команда FILESLIST с аргументами [Bob]
INFO  2021-07-03 15:10:11 [JavaFX Application Thread] ru.gb.pugacheva.client.controller.Controller (Controller.java:244) - Отправлена команда UPLOAD для файла 3.JPG по пути C:\ClientFileSystem\3.JPG от клиента Bob
INFO  2021-07-03 15:10:11 [JavaFX Application Thread] ru.gb.pugacheva.client.core.NettyNetworkService (NettyNetworkService.java:81) - С клиента на сервер отправлена команда UPLOAD с аргументами [3.JPG, C:\ClientFileSystem\3.JPG, Bob, 320421]
INFO  2021-07-03 15:10:11 [nioEventLoopGroup-2-1] ru.gb.pugacheva.client.core.handler.ClientInboundCommandHandler (ClientInboundCommandHandler.java:30) - Получена с сервера команда READY_TO_UPLOAD со списком аргументов: [3.JPG, C:\ClientFileSystem\3.JPG, Bob, 320421]
INFO  2021-07-03 15:10:11 [nioEventLoopGroup-2-1] ru.gb.pugacheva.client.core.NettyNetworkService (NettyNetworkService.java:88) - Началась передача файла на сервер по пути C:\ClientFileSystem\3.JPG
INFO  2021-07-03 15:10:11 [nioEventLoopGroup-2-1] ru.gb.pugacheva.client.core.NettyNetworkService (NettyNetworkService.java:89) - Файл передан
INFO  2021-07-03 15:10:11 [nioEventLoopGroup-2-1] ru.gb.pugacheva.client.core.handler.ClientInboundCommandHandler (ClientInboundCommandHandler.java:36) - Получена с сервера команда UPLOAD_FINISHED для файла [3.JPG, Bob]
INFO  2021-07-03 15:10:11 [nioEventLoopGroup-2-1] ru.gb.pugacheva.client.core.handler.ClientInboundCommandHandler (ClientInboundCommandHandler.java:41) - На сервер отправлена команда FILESLIST с аргументами [Ljava.lang.String;@1e832cc5
INFO  2021-07-03 15:10:17 [JavaFX Application Thread] ru.gb.pugacheva.client.controller.Controller (Controller.java:220) - Отправлена команда DOWNLOAD для файла Тестовый6.txt от клиента Bob ,размер файла 28076 ,директория для загрузки файла C:\ClientFileSystem
INFO  2021-07-03 15:10:17 [JavaFX Application Thread] ru.gb.pugacheva.client.core.NettyNetworkService (NettyNetworkService.java:81) - С клиента на сервер отправлена команда DOWNLOAD с аргументами [Тестовый6.txt, Bob, 28076, C:\ClientFileSystem]
INFO  2021-07-03 15:10:17 [nioEventLoopGroup-2-1] ru.gb.pugacheva.client.core.handler.ClientInboundCommandHandler (ClientInboundCommandHandler.java:48) - Получена с сервера команда READY_TO_DOWNLOAD с аргументами [Тестовый6.txt, C:\java\Course_Project_Cloud\my-cloud-project\Cloud\Bob\Тестовый6.txt, 28076, C:\ClientFileSystem]
INFO  2021-07-03 15:10:17 [nioEventLoopGroup-2-1] ru.gb.pugacheva.client.core.handler.ClientInboundCommandHandler (ClientInboundCommandHandler.java:54) - На сервер отправлена каманда READY_TO_RECIEVE с аргументами [Тестовый6.txt, C:\java\Course_Project_Cloud\my-cloud-project\Cloud\Bob\Тестовый6.txt]
INFO  2021-07-03 15:10:17 [nioEventLoopGroup-2-1] ru.gb.pugacheva.client.core.handler.FilesInboundClientHandler (FilesInboundClientHandler.java:51) - Cоздан файл и запущен процесс приема файла на клиенте по пути C:\ClientFileSystem\Тестовый6.txt
INFO  2021-07-03 15:10:17 [nioEventLoopGroup-2-1] ru.gb.pugacheva.client.core.handler.FilesInboundClientHandler (FilesInboundClientHandler.java:51) - Cоздан файл и запущен процесс приема файла на клиенте по пути C:\ClientFileSystem\Тестовый6.txt
INFO  2021-07-03 15:10:17 [nioEventLoopGroup-2-1] ru.gb.pugacheva.client.core.handler.FilesInboundClientHandler (FilesInboundClientHandler.java:61) - Файл вычитан
INFO  2021-07-03 15:10:17 [nioEventLoopGroup-2-1] ru.gb.pugacheva.client.core.handler.FilesInboundClientHandler (FilesInboundClientHandler.java:66) - На сервер с клиента отправлена команда FINISHED_DOWNLOAD с аргументами [Тестовый6.txt]
INFO  2021-07-03 18:35:59 [JavaFX Application Thread] ru.gb.pugacheva.client.core.NettyNetworkService (NettyNetworkService.java:81) - С клиента на сервер отправлена команда LOGIN с аргументами [Bob, bob]
INFO  2021-07-03 18:35:59 [nioEventLoopGroup-2-1] ru.gb.pugacheva.client.core.NettyNetworkService (NettyNetworkService.java:81) - С клиента на сервер отправлена команда FILESLIST с аргументами [Bob]
INFO  2021-07-03 18:36:04 [JavaFX Application Thread] ru.gb.pugacheva.client.controller.Controller (Controller.java:220) - Отправлена команда DOWNLOAD для файла Тестовый1.txt от клиента Bob ,размер файла 28076 ,директория для загрузки файла C:\ClientFileSystem
INFO  2021-07-03 18:36:04 [JavaFX Application Thread] ru.gb.pugacheva.client.core.NettyNetworkService (NettyNetworkService.java:81) - С клиента на сервер отправлена команда DOWNLOAD с аргументами [Тестовый1.txt, Bob, 28076, C:\ClientFileSystem]
INFO  2021-07-03 18:36:04 [nioEventLoopGroup-2-1] ru.gb.pugacheva.client.core.handler.ClientInboundCommandHandler (ClientInboundCommandHandler.java:48) - Получена с сервера команда READY_TO_DOWNLOAD с аргументами [Тестовый1.txt, C:\java\Course_Project_Cloud\my-cloud-project\Cloud\Bob\Тестовый1.txt, 28076, C:\ClientFileSystem]
INFO  2021-07-03 18:36:04 [nioEventLoopGroup-2-1] ru.gb.pugacheva.client.core.handler.ClientInboundCommandHandler (ClientInboundCommandHandler.java:54) - На сервер отправлена каманда READY_TO_RECIEVE с аргументами [Тестовый1.txt, C:\java\Course_Project_Cloud\my-cloud-project\Cloud\Bob\Тестовый1.txt]
INFO  2021-07-03 18:36:04 [nioEventLoopGroup-2-1] ru.gb.pugacheva.client.core.handler.FilesInboundClientHandler (FilesInboundClientHandler.java:66) - Создан файл и запущен процесс приема файла на клиенте по пути C:\ClientFileSystem\Тестовый1.txt
INFO  2021-07-03 18:36:04 [nioEventLoopGroup-2-1] ru.gb.pugacheva.client.core.handler.FilesInboundClientHandler (FilesInboundClientHandler.java:62) - Выбранный для записи файл уже существует в папке назначения
ERROR 2021-07-03 18:36:04 [nioEventLoopGroup-2-1] ru.gb.pugacheva.client.core.handler.ClientInboundCommandHandler (ClientInboundCommandHandler.java:70) - Throwing
io.netty.handler.codec.TooLongFrameException: Adjusted frame length exceeds 1048576: 3000021205 - discarded
	at io.netty.handler.codec.LengthFieldBasedFrameDecoder.fail(LengthFieldBasedFrameDecoder.java:503) ~[netty-all-4.1.65.Final.jar:4.1.65.Final]
	at io.netty.handler.codec.LengthFieldBasedFrameDecoder.failIfNecessary(LengthFieldBasedFrameDecoder.java:489) ~[netty-all-4.1.65.Final.jar:4.1.65.Final]
	at io.netty.handler.codec.LengthFieldBasedFrameDecoder.exceededFrameLength(LengthFieldBasedFrameDecoder.java:376) ~[netty-all-4.1.65.Final.jar:4.1.65.Final]
	at io.netty.handler.codec.LengthFieldBasedFrameDecoder.decode(LengthFieldBasedFrameDecoder.java:419) ~[netty-all-4.1.65.Final.jar:4.1.65.Final]
	at io.netty.handler.codec.serialization.ObjectDecoder.decode(ObjectDecoder.java:69) ~[netty-all-4.1.65.Final.jar:4.1.65.Final]
	at io.netty.handler.codec.LengthFieldBasedFrameDecoder.decode(LengthFieldBasedFrameDecoder.java:332) ~[netty-all-4.1.65.Final.jar:4.1.65.Final]
	at io.netty.handler.codec.ByteToMessageDecoder.decodeRemovalReentryProtection(ByteToMessageDecoder.java:507) ~[netty-all-4.1.65.Final.jar:4.1.65.Final]
	at io.netty.handler.codec.ByteToMessageDecoder.callDecode(ByteToMessageDecoder.java:446) ~[netty-all-4.1.65.Final.jar:4.1.65.Final]
	at io.netty.handler.codec.ByteToMessageDecoder.channelRead(ByteToMessageDecoder.java:276) ~[netty-all-4.1.65.Final.jar:4.1.65.Final]
	at io.netty.channel.AbstractChannelHandlerContext.invokeChannelRead(AbstractChannelHandlerContext.java:379) [netty-all-4.1.65.Final.jar:4.1.65.Final]
	at io.netty.channel.AbstractChannelHandlerContext.invokeChannelRead(AbstractChannelHandlerContext.java:365) [netty-all-4.1.65.Final.jar:4.1.65.Final]
	at io.netty.channel.AbstractChannelHandlerContext.fireChannelRead(AbstractChannelHandlerContext.java:357) [netty-all-4.1.65.Final.jar:4.1.65.Final]
	at io.netty.channel.DefaultChannelPipeline$HeadContext.channelRead(DefaultChannelPipeline.java:1410) [netty-all-4.1.65.Final.jar:4.1.65.Final]
	at io.netty.channel.AbstractChannelHandlerContext.invokeChannelRead(AbstractChannelHandlerContext.java:379) [netty-all-4.1.65.Final.jar:4.1.65.Final]
	at io.netty.channel.AbstractChannelHandlerContext.invokeChannelRead(AbstractChannelHandlerContext.java:365) [netty-all-4.1.65.Final.jar:4.1.65.Final]
	at io.netty.channel.DefaultChannelPipeline.fireChannelRead(DefaultChannelPipeline.java:919) [netty-all-4.1.65.Final.jar:4.1.65.Final]
	at io.netty.channel.nio.AbstractNioByteChannel$NioByteUnsafe.read(AbstractNioByteChannel.java:166) [netty-all-4.1.65.Final.jar:4.1.65.Final]
	at io.netty.channel.nio.NioEventLoop.processSelectedKey(NioEventLoop.java:719) [netty-all-4.1.65.Final.jar:4.1.65.Final]
	at io.netty.channel.nio.NioEventLoop.processSelectedKeysOptimized(NioEventLoop.java:655) [netty-all-4.1.65.Final.jar:4.1.65.Final]
	at io.netty.channel.nio.NioEventLoop.processSelectedKeys(NioEventLoop.java:581) [netty-all-4.1.65.Final.jar:4.1.65.Final]
	at io.netty.channel.nio.NioEventLoop.run(NioEventLoop.java:493) [netty-all-4.1.65.Final.jar:4.1.65.Final]
	at io.netty.util.concurrent.SingleThreadEventExecutor$4.run(SingleThreadEventExecutor.java:989) [netty-all-4.1.65.Final.jar:4.1.65.Final]
	at io.netty.util.internal.ThreadExecutorMap$2.run(ThreadExecutorMap.java:74) [netty-all-4.1.65.Final.jar:4.1.65.Final]
	at io.netty.util.concurrent.FastThreadLocalRunnable.run(FastThreadLocalRunnable.java:30) [netty-all-4.1.65.Final.jar:4.1.65.Final]
	at java.lang.Thread.run(Thread.java:748) [?:1.8.0_271]
INFO  2021-07-03 18:36:11 [JavaFX Application Thread] ru.gb.pugacheva.client.controller.Controller (Controller.java:179) - Клиенту показан Alert Выбранный для записи файл уже существует в папке назначения
INFO  2021-07-03 18:36:14 [JavaFX Application Thread] ru.gb.pugacheva.client.controller.Controller (Controller.java:244) - Отправлена команда UPLOAD для файла Тестовый10.txt по пути C:\ClientFileSystem\Тестовый10.txt от клиента Bob
INFO  2021-07-03 18:36:14 [JavaFX Application Thread] ru.gb.pugacheva.client.core.NettyNetworkService (NettyNetworkService.java:81) - С клиента на сервер отправлена команда UPLOAD с аргументами [Тестовый10.txt, C:\ClientFileSystem\Тестовый10.txt, Bob, 28076]
INFO  2021-07-03 18:45:27 [JavaFX Application Thread] ru.gb.pugacheva.client.core.NettyNetworkService (NettyNetworkService.java:81) - С клиента на сервер отправлена команда LOGIN с аргументами [Bob, bob]
INFO  2021-07-03 18:45:27 [nioEventLoopGroup-2-1] ru.gb.pugacheva.client.core.NettyNetworkService (NettyNetworkService.java:81) - С клиента на сервер отправлена команда FILESLIST с аргументами [Bob]
INFO  2021-07-03 18:45:37 [JavaFX Application Thread] ru.gb.pugacheva.client.controller.Controller (Controller.java:220) - Отправлена команда DOWNLOAD для файла Тестовый2.txt от клиента Bob ,размер файла 28076 ,директория для загрузки файла C:\ClientFileSystem
INFO  2021-07-03 18:45:37 [JavaFX Application Thread] ru.gb.pugacheva.client.core.NettyNetworkService (NettyNetworkService.java:81) - С клиента на сервер отправлена команда DOWNLOAD с аргументами [Тестовый2.txt, Bob, 28076, C:\ClientFileSystem]
INFO  2021-07-03 18:45:37 [nioEventLoopGroup-2-1] ru.gb.pugacheva.client.core.handler.ClientInboundCommandHandler (ClientInboundCommandHandler.java:48) - Получена с сервера команда READY_TO_DOWNLOAD с аргументами [Тестовый2.txt, C:\java\Course_Project_Cloud\my-cloud-project\Cloud\Bob\Тестовый2.txt, 28076, C:\ClientFileSystem]
INFO  2021-07-03 18:45:37 [nioEventLoopGroup-2-1] ru.gb.pugacheva.client.core.handler.ClientInboundCommandHandler (ClientInboundCommandHandler.java:54) - На сервер отправлена каманда READY_TO_RECIEVE с аргументами [Тестовый2.txt, C:\java\Course_Project_Cloud\my-cloud-project\Cloud\Bob\Тестовый2.txt]
INFO  2021-07-03 18:45:37 [nioEventLoopGroup-2-1] ru.gb.pugacheva.client.core.handler.FilesInboundClientHandler (FilesInboundClientHandler.java:60) - Создан файл и запущен процесс приема файла на клиенте по пути C:\ClientFileSystem\Тестовый2.txt
INFO  2021-07-03 18:45:37 [nioEventLoopGroup-2-1] ru.gb.pugacheva.client.core.handler.FilesInboundClientHandler (FilesInboundClientHandler.java:60) - Создан файл и запущен процесс приема файла на клиенте по пути C:\ClientFileSystem\Тестовый2.txt
INFO  2021-07-03 18:45:37 [nioEventLoopGroup-2-1] ru.gb.pugacheva.client.core.handler.FilesInboundClientHandler (FilesInboundClientHandler.java:60) - Создан файл и запущен процесс приема файла на клиенте по пути C:\ClientFileSystem\Тестовый2.txt
ERROR 2021-07-03 18:45:53 [nioEventLoopGroup-2-1] ru.gb.pugacheva.client.core.handler.FilesInboundClientHandler (FilesInboundClientHandler.java:84) - Throwing
java.io.IOException: Удаленный хост принудительно разорвал существующее подключение
	at sun.nio.ch.SocketDispatcher.read0(Native Method) ~[?:1.8.0_271]
	at sun.nio.ch.SocketDispatcher.read(SocketDispatcher.java:43) ~[?:1.8.0_271]
	at sun.nio.ch.IOUtil.readIntoNativeBuffer(IOUtil.java:223) ~[?:1.8.0_271]
	at sun.nio.ch.IOUtil.read(IOUtil.java:192) ~[?:1.8.0_271]
	at sun.nio.ch.SocketChannelImpl.read(SocketChannelImpl.java:378) ~[?:1.8.0_271]
	at io.netty.buffer.PooledByteBuf.setBytes(PooledByteBuf.java:253) ~[netty-all-4.1.65.Final.jar:4.1.65.Final]
	at io.netty.buffer.AbstractByteBuf.writeBytes(AbstractByteBuf.java:1132) ~[netty-all-4.1.65.Final.jar:4.1.65.Final]
	at io.netty.channel.socket.nio.NioSocketChannel.doReadBytes(NioSocketChannel.java:350) ~[netty-all-4.1.65.Final.jar:4.1.65.Final]
	at io.netty.channel.nio.AbstractNioByteChannel$NioByteUnsafe.read(AbstractNioByteChannel.java:151) [netty-all-4.1.65.Final.jar:4.1.65.Final]
	at io.netty.channel.nio.NioEventLoop.processSelectedKey(NioEventLoop.java:719) [netty-all-4.1.65.Final.jar:4.1.65.Final]
	at io.netty.channel.nio.NioEventLoop.processSelectedKeysOptimized(NioEventLoop.java:655) [netty-all-4.1.65.Final.jar:4.1.65.Final]
	at io.netty.channel.nio.NioEventLoop.processSelectedKeys(NioEventLoop.java:581) [netty-all-4.1.65.Final.jar:4.1.65.Final]
	at io.netty.channel.nio.NioEventLoop.run(NioEventLoop.java:493) [netty-all-4.1.65.Final.jar:4.1.65.Final]
	at io.netty.util.concurrent.SingleThreadEventExecutor$4.run(SingleThreadEventExecutor.java:989) [netty-all-4.1.65.Final.jar:4.1.65.Final]
	at io.netty.util.internal.ThreadExecutorMap$2.run(ThreadExecutorMap.java:74) [netty-all-4.1.65.Final.jar:4.1.65.Final]
	at io.netty.util.concurrent.FastThreadLocalRunnable.run(FastThreadLocalRunnable.java:30) [netty-all-4.1.65.Final.jar:4.1.65.Final]
	at java.lang.Thread.run(Thread.java:748) [?:1.8.0_271]
INFO  2021-07-03 18:46:57 [JavaFX Application Thread] ru.gb.pugacheva.client.core.NettyNetworkService (NettyNetworkService.java:81) - С клиента на сервер отправлена команда LOGIN с аргументами [Bob, bob]
INFO  2021-07-03 18:46:57 [nioEventLoopGroup-2-1] ru.gb.pugacheva.client.core.NettyNetworkService (NettyNetworkService.java:81) - С клиента на сервер отправлена команда FILESLIST с аргументами [Bob]
INFO  2021-07-03 18:47:01 [JavaFX Application Thread] ru.gb.pugacheva.client.controller.Controller (Controller.java:244) - Отправлена команда UPLOAD для файла Тестовый10.txt по пути C:\ClientFileSystem\Тестовый10.txt от клиента Bob
INFO  2021-07-03 18:47:01 [JavaFX Application Thread] ru.gb.pugacheva.client.core.NettyNetworkService (NettyNetworkService.java:81) - С клиента на сервер отправлена команда UPLOAD с аргументами [Тестовый10.txt, C:\ClientFileSystem\Тестовый10.txt, Bob, 28076]
INFO  2021-07-03 18:47:01 [nioEventLoopGroup-2-1] ru.gb.pugacheva.client.core.handler.ClientInboundCommandHandler (ClientInboundCommandHandler.java:30) - Получена с сервера команда READY_TO_UPLOAD со списком аргументов: [Тестовый10.txt, C:\ClientFileSystem\Тестовый10.txt, Bob, 28076]
INFO  2021-07-03 18:47:01 [nioEventLoopGroup-2-1] ru.gb.pugacheva.client.core.NettyNetworkService (NettyNetworkService.java:88) - Началась передача файла на сервер по пути C:\ClientFileSystem\Тестовый10.txt
INFO  2021-07-03 18:47:01 [nioEventLoopGroup-2-1] ru.gb.pugacheva.client.core.NettyNetworkService (NettyNetworkService.java:89) - Файл передан
INFO  2021-07-03 18:47:01 [nioEventLoopGroup-2-1] ru.gb.pugacheva.client.core.handler.ClientInboundCommandHandler (ClientInboundCommandHandler.java:36) - Получена с сервера команда UPLOAD_FINISHED для файла [Тестовый10.txt, Bob]
INFO  2021-07-03 18:47:01 [nioEventLoopGroup-2-1] ru.gb.pugacheva.client.core.handler.ClientInboundCommandHandler (ClientInboundCommandHandler.java:41) - На сервер отправлена команда FILESLIST с аргументами [Ljava.lang.String;@4c727dc8
INFO  2021-07-03 18:47:06 [JavaFX Application Thread] ru.gb.pugacheva.client.controller.Controller (Controller.java:220) - Отправлена команда DOWNLOAD для файла Тестовый3.txt от клиента Bob ,размер файла 28076 ,директория для загрузки файла C:\ClientFileSystem
INFO  2021-07-03 18:47:06 [JavaFX Application Thread] ru.gb.pugacheva.client.core.NettyNetworkService (NettyNetworkService.java:81) - С клиента на сервер отправлена команда DOWNLOAD с аргументами [Тестовый3.txt, Bob, 28076, C:\ClientFileSystem]
INFO  2021-07-03 18:47:06 [nioEventLoopGroup-2-1] ru.gb.pugacheva.client.core.handler.ClientInboundCommandHandler (ClientInboundCommandHandler.java:48) - Получена с сервера команда READY_TO_DOWNLOAD с аргументами [Тестовый3.txt, C:\java\Course_Project_Cloud\my-cloud-project\Cloud\Bob\Тестовый3.txt, 28076, C:\ClientFileSystem]
INFO  2021-07-03 18:47:06 [nioEventLoopGroup-2-1] ru.gb.pugacheva.client.core.handler.ClientInboundCommandHandler (ClientInboundCommandHandler.java:54) - На сервер отправлена каманда READY_TO_RECIEVE с аргументами [Тестовый3.txt, C:\java\Course_Project_Cloud\my-cloud-project\Cloud\Bob\Тестовый3.txt]
INFO  2021-07-03 18:47:06 [nioEventLoopGroup-2-1] ru.gb.pugacheva.client.core.handler.FilesInboundClientHandler (FilesInboundClientHandler.java:57) - Создан файл и запущен процесс приема файла на клиенте по пути C:\ClientFileSystem\Тестовый3.txt
INFO  2021-07-03 18:47:06 [nioEventLoopGroup-2-1] ru.gb.pugacheva.client.core.handler.FilesInboundClientHandler (FilesInboundClientHandler.java:57) - Создан файл и запущен процесс приема файла на клиенте по пути C:\ClientFileSystem\Тестовый3.txt
INFO  2021-07-03 18:47:06 [nioEventLoopGroup-2-1] ru.gb.pugacheva.client.core.handler.FilesInboundClientHandler (FilesInboundClientHandler.java:67) - Файл вычитан
INFO  2021-07-03 18:47:06 [nioEventLoopGroup-2-1] ru.gb.pugacheva.client.core.handler.FilesInboundClientHandler (FilesInboundClientHandler.java:72) - На сервер с клиента отправлена команда FINISHED_DOWNLOAD с аргументами [Тестовый3.txt]
