
INFO  2021-07-03 15:09:30 [main] ru.gb.pugacheva.server.core.NettyServerService (NettyServerService.java:54) - Сервер запущен
INFO  2021-07-03 15:09:30 [main] ru.gb.pugacheva.server.service.impl.databaseConnection.DatabaseConnectionServiceImpl (DatabaseConnectionServiceImpl.java:36) - Сервер подключен к базе данных
INFO  2021-07-03 15:09:52 [nioEventLoopGroup-3-1] ru.gb.pugacheva.server.service.impl.databaseConnection.AuthenticationServiceImpl (AuthenticationServiceImpl.java:82) - логин занят
INFO  2021-07-03 15:09:52 [nioEventLoopGroup-3-1] ru.gb.pugacheva.server.core.handler.CommandInboundHandler (CommandInboundHandler.java:62) - Клиенту отправляется ответ на запрос авторизации REGISTRATION_FAILED[Bob]
INFO  2021-07-03 15:10:00 [nioEventLoopGroup-3-1] ru.gb.pugacheva.server.core.handler.CommandInboundHandler (CommandInboundHandler.java:62) - Клиенту отправляется ответ на запрос авторизации LOGIN_OK[Bob]
INFO  2021-07-03 15:10:00 [nioEventLoopGroup-3-1] ru.gb.pugacheva.server.core.handler.CommandInboundHandler (CommandInboundHandler.java:67) - От клиента на сервер поступила команда FILESLIST (запрос на отправку списка файлов в облаке
INFO  2021-07-03 15:10:11 [nioEventLoopGroup-3-1] ru.gb.pugacheva.server.core.handler.CommandInboundHandler (CommandInboundHandler.java:39) - От клиента на сервере получена команда UPLOAD с аргументами [3.JPG, C:\ClientFileSystem\3.JPG, Bob, 320421]
INFO  2021-07-03 15:10:11 [nioEventLoopGroup-3-1] ru.gb.pugacheva.server.core.handler.CommandInboundHandler (CommandInboundHandler.java:44) - C сервера клиенту отправлена команда READY_TO_UPLOAD с аргументами [3.JPG, C:\ClientFileSystem\3.JPG, Bob, 320421]
INFO  2021-07-03 15:10:11 [nioEventLoopGroup-3-1] ru.gb.pugacheva.server.core.handler.FilesInboundHandler (FilesInboundHandler.java:51) - Создан файл и запущен прием фала а сервере по пути C:\java\Course_Project_Cloud\my-cloud-project\Cloud\Bob\\3.JPG
INFO  2021-07-03 15:10:11 [nioEventLoopGroup-3-1] ru.gb.pugacheva.server.core.handler.FilesInboundHandler (FilesInboundHandler.java:51) - Создан файл и запущен прием фала а сервере по пути C:\java\Course_Project_Cloud\my-cloud-project\Cloud\Bob\\3.JPG
INFO  2021-07-03 15:10:11 [nioEventLoopGroup-3-1] ru.gb.pugacheva.server.core.handler.FilesInboundHandler (FilesInboundHandler.java:51) - Создан файл и запущен прием фала а сервере по пути C:\java\Course_Project_Cloud\my-cloud-project\Cloud\Bob\\3.JPG
INFO  2021-07-03 15:10:11 [nioEventLoopGroup-3-1] ru.gb.pugacheva.server.core.handler.FilesInboundHandler (FilesInboundHandler.java:51) - Создан файл и запущен прием фала а сервере по пути C:\java\Course_Project_Cloud\my-cloud-project\Cloud\Bob\\3.JPG
INFO  2021-07-03 15:10:11 [nioEventLoopGroup-3-1] ru.gb.pugacheva.server.core.handler.FilesInboundHandler (FilesInboundHandler.java:51) - Создан файл и запущен прием фала а сервере по пути C:\java\Course_Project_Cloud\my-cloud-project\Cloud\Bob\\3.JPG
INFO  2021-07-03 15:10:11 [nioEventLoopGroup-3-1] ru.gb.pugacheva.server.core.handler.FilesInboundHandler (FilesInboundHandler.java:51) - Создан файл и запущен прием фала а сервере по пути C:\java\Course_Project_Cloud\my-cloud-project\Cloud\Bob\\3.JPG
INFO  2021-07-03 15:10:11 [nioEventLoopGroup-3-1] ru.gb.pugacheva.server.core.handler.FilesInboundHandler (FilesInboundHandler.java:51) - Создан файл и запущен прием фала а сервере по пути C:\java\Course_Project_Cloud\my-cloud-project\Cloud\Bob\\3.JPG
INFO  2021-07-03 15:10:11 [nioEventLoopGroup-3-1] ru.gb.pugacheva.server.core.handler.FilesInboundHandler (FilesInboundHandler.java:61) - Файл вычитан
INFO  2021-07-03 15:10:11 [nioEventLoopGroup-3-1] ru.gb.pugacheva.server.core.handler.FilesInboundHandler (FilesInboundHandler.java:66) - На клиент с сервера отправлена команда UPLOAD_FINISHED с аргументами [Ljava.lang.String;@7be4ed16
INFO  2021-07-03 15:10:11 [nioEventLoopGroup-3-1] ru.gb.pugacheva.server.core.handler.CommandInboundHandler (CommandInboundHandler.java:67) - От клиента на сервер поступила команда FILESLIST (запрос на отправку списка файлов в облаке
INFO  2021-07-03 15:10:17 [nioEventLoopGroup-3-1] ru.gb.pugacheva.server.core.handler.CommandInboundHandler (CommandInboundHandler.java:87) - Сервером от клиента получена команда DOWNLOAD с аргументами [Тестовый6.txt, Bob, 28076, C:\ClientFileSystem]
INFO  2021-07-03 15:10:17 [nioEventLoopGroup-3-1] ru.gb.pugacheva.server.core.handler.CommandInboundHandler (CommandInboundHandler.java:92) - C сервера на клиент отправлена команда READY_TO_DOWNLOAD с аргументами[Тестовый6.txt, C:\java\Course_Project_Cloud\my-cloud-project\Cloud\Bob\Тестовый6.txt, 28076, C:\ClientFileSystem]
INFO  2021-07-03 15:10:17 [nioEventLoopGroup-3-1] ru.gb.pugacheva.server.core.handler.CommandInboundHandler (CommandInboundHandler.java:50) - Началась с сервера на клиента передача файла: C:\java\Course_Project_Cloud\my-cloud-project\Cloud\Bob\Тестовый6.txt
INFO  2021-07-03 15:10:17 [nioEventLoopGroup-3-1] ru.gb.pugacheva.server.core.handler.CommandInboundHandler (CommandInboundHandler.java:51) - Файл передан
INFO  2021-07-03 18:35:13 [main] ru.gb.pugacheva.server.core.NettyServerService (NettyServerService.java:54) - Сервер запущен
INFO  2021-07-03 18:35:13 [main] ru.gb.pugacheva.server.service.impl.databaseConnection.DatabaseConnectionServiceImpl (DatabaseConnectionServiceImpl.java:36) - Сервер подключен к базе данных
INFO  2021-07-03 18:35:59 [nioEventLoopGroup-3-1] ru.gb.pugacheva.server.core.handler.CommandInboundHandler (CommandInboundHandler.java:63) - Клиенту отправляется ответ на запрос авторизации LOGIN_OK[Bob]
INFO  2021-07-03 18:35:59 [nioEventLoopGroup-3-1] ru.gb.pugacheva.server.core.handler.CommandInboundHandler (CommandInboundHandler.java:68) - От клиента на сервер поступила команда FILESLIST (запрос на отправку списка файлов в облаке
INFO  2021-07-03 18:36:04 [nioEventLoopGroup-3-1] ru.gb.pugacheva.server.core.handler.CommandInboundHandler (CommandInboundHandler.java:88) - Сервером от клиента получена команда DOWNLOAD с аргументами [Тестовый1.txt, Bob, 28076, C:\ClientFileSystem]
INFO  2021-07-03 18:36:04 [nioEventLoopGroup-3-1] ru.gb.pugacheva.server.core.handler.CommandInboundHandler (CommandInboundHandler.java:93) - C сервера на клиент отправлена команда READY_TO_DOWNLOAD с аргументами[Тестовый1.txt, C:\java\Course_Project_Cloud\my-cloud-project\Cloud\Bob\Тестовый1.txt, 28076, C:\ClientFileSystem]
INFO  2021-07-03 18:36:04 [nioEventLoopGroup-3-1] ru.gb.pugacheva.server.core.handler.CommandInboundHandler (CommandInboundHandler.java:50) - Началась с сервера на клиента передача файла: C:\java\Course_Project_Cloud\my-cloud-project\Cloud\Bob\Тестовый1.txt
INFO  2021-07-03 18:36:04 [nioEventLoopGroup-3-1] ru.gb.pugacheva.server.core.handler.CommandInboundHandler (CommandInboundHandler.java:51) - Файл передан
INFO  2021-07-03 18:36:14 [nioEventLoopGroup-3-1] ru.gb.pugacheva.server.core.handler.CommandInboundHandler (CommandInboundHandler.java:39) - От клиента на сервере получена команда UPLOAD с аргументами [Тестовый10.txt, C:\ClientFileSystem\Тестовый10.txt, Bob, 28076]
INFO  2021-07-03 18:36:14 [nioEventLoopGroup-3-1] ru.gb.pugacheva.server.core.handler.CommandInboundHandler (CommandInboundHandler.java:44) - C сервера клиенту отправлена команда READY_TO_UPLOAD с аргументами [Тестовый10.txt, C:\ClientFileSystem\Тестовый10.txt, Bob, 28076]
INFO  2021-07-03 18:45:06 [main] ru.gb.pugacheva.server.core.NettyServerService (NettyServerService.java:54) - Сервер запущен
INFO  2021-07-03 18:45:07 [main] ru.gb.pugacheva.server.service.impl.databaseConnection.DatabaseConnectionServiceImpl (DatabaseConnectionServiceImpl.java:36) - Сервер подключен к базе данных
INFO  2021-07-03 18:45:27 [nioEventLoopGroup-3-1] ru.gb.pugacheva.server.core.handler.CommandInboundHandler (CommandInboundHandler.java:62) - Клиенту отправляется ответ на запрос авторизации LOGIN_OK[Bob]
INFO  2021-07-03 18:45:27 [nioEventLoopGroup-3-1] ru.gb.pugacheva.server.core.handler.CommandInboundHandler (CommandInboundHandler.java:67) - От клиента на сервер поступила команда FILESLIST (запрос на отправку списка файлов в облаке
INFO  2021-07-03 18:45:37 [nioEventLoopGroup-3-1] ru.gb.pugacheva.server.core.handler.CommandInboundHandler (CommandInboundHandler.java:87) - Сервером от клиента получена команда DOWNLOAD с аргументами [Тестовый2.txt, Bob, 28076, C:\ClientFileSystem]
INFO  2021-07-03 18:45:37 [nioEventLoopGroup-3-1] ru.gb.pugacheva.server.core.handler.CommandInboundHandler (CommandInboundHandler.java:92) - C сервера на клиент отправлена команда READY_TO_DOWNLOAD с аргументами[Тестовый2.txt, C:\java\Course_Project_Cloud\my-cloud-project\Cloud\Bob\Тестовый2.txt, 28076, C:\ClientFileSystem]
INFO  2021-07-03 18:45:37 [nioEventLoopGroup-3-1] ru.gb.pugacheva.server.core.handler.CommandInboundHandler (CommandInboundHandler.java:50) - Началась с сервера на клиента передача файла: C:\java\Course_Project_Cloud\my-cloud-project\Cloud\Bob\Тестовый2.txt
INFO  2021-07-03 18:45:37 [nioEventLoopGroup-3-1] ru.gb.pugacheva.server.core.handler.CommandInboundHandler (CommandInboundHandler.java:51) - Файл передан
INFO  2021-07-03 18:46:38 [main] ru.gb.pugacheva.server.core.NettyServerService (NettyServerService.java:54) - Сервер запущен
INFO  2021-07-03 18:46:38 [main] ru.gb.pugacheva.server.service.impl.databaseConnection.DatabaseConnectionServiceImpl (DatabaseConnectionServiceImpl.java:36) - Сервер подключен к базе данных
INFO  2021-07-03 18:46:57 [nioEventLoopGroup-3-1] ru.gb.pugacheva.server.core.handler.CommandInboundHandler (CommandInboundHandler.java:62) - Клиенту отправляется ответ на запрос авторизации LOGIN_OK[Bob]
INFO  2021-07-03 18:46:57 [nioEventLoopGroup-3-1] ru.gb.pugacheva.server.core.handler.CommandInboundHandler (CommandInboundHandler.java:67) - От клиента на сервер поступила команда FILESLIST (запрос на отправку списка файлов в облаке
INFO  2021-07-03 18:47:01 [nioEventLoopGroup-3-1] ru.gb.pugacheva.server.core.handler.CommandInboundHandler (CommandInboundHandler.java:39) - От клиента на сервере получена команда UPLOAD с аргументами [Тестовый10.txt, C:\ClientFileSystem\Тестовый10.txt, Bob, 28076]
INFO  2021-07-03 18:47:01 [nioEventLoopGroup-3-1] ru.gb.pugacheva.server.core.handler.CommandInboundHandler (CommandInboundHandler.java:44) - C сервера клиенту отправлена команда READY_TO_UPLOAD с аргументами [Тестовый10.txt, C:\ClientFileSystem\Тестовый10.txt, Bob, 28076]
INFO  2021-07-03 18:47:01 [nioEventLoopGroup-3-1] ru.gb.pugacheva.server.core.handler.FilesInboundHandler (FilesInboundHandler.java:51) - Создан файл и запущен прием фала а сервере по пути C:\java\Course_Project_Cloud\my-cloud-project\Cloud\Bob\\Тестовый10.txt
INFO  2021-07-03 18:47:01 [nioEventLoopGroup-3-1] ru.gb.pugacheva.server.core.handler.FilesInboundHandler (FilesInboundHandler.java:51) - Создан файл и запущен прием фала а сервере по пути C:\java\Course_Project_Cloud\my-cloud-project\Cloud\Bob\\Тестовый10.txt
INFO  2021-07-03 18:47:01 [nioEventLoopGroup-3-1] ru.gb.pugacheva.server.core.handler.FilesInboundHandler (FilesInboundHandler.java:51) - Создан файл и запущен прием фала а сервере по пути C:\java\Course_Project_Cloud\my-cloud-project\Cloud\Bob\\Тестовый10.txt
INFO  2021-07-03 18:47:01 [nioEventLoopGroup-3-1] ru.gb.pugacheva.server.core.handler.FilesInboundHandler (FilesInboundHandler.java:61) - Файл вычитан
INFO  2021-07-03 18:47:01 [nioEventLoopGroup-3-1] ru.gb.pugacheva.server.core.handler.FilesInboundHandler (FilesInboundHandler.java:66) - На клиент с сервера отправлена команда UPLOAD_FINISHED с аргументами [Ljava.lang.String;@50bbb478
INFO  2021-07-03 18:47:01 [nioEventLoopGroup-3-1] ru.gb.pugacheva.server.core.handler.CommandInboundHandler (CommandInboundHandler.java:67) - От клиента на сервер поступила команда FILESLIST (запрос на отправку списка файлов в облаке
INFO  2021-07-03 18:47:06 [nioEventLoopGroup-3-1] ru.gb.pugacheva.server.core.handler.CommandInboundHandler (CommandInboundHandler.java:87) - Сервером от клиента получена команда DOWNLOAD с аргументами [Тестовый3.txt, Bob, 28076, C:\ClientFileSystem]
INFO  2021-07-03 18:47:06 [nioEventLoopGroup-3-1] ru.gb.pugacheva.server.core.handler.CommandInboundHandler (CommandInboundHandler.java:92) - C сервера на клиент отправлена команда READY_TO_DOWNLOAD с аргументами[Тестовый3.txt, C:\java\Course_Project_Cloud\my-cloud-project\Cloud\Bob\Тестовый3.txt, 28076, C:\ClientFileSystem]
INFO  2021-07-03 18:47:06 [nioEventLoopGroup-3-1] ru.gb.pugacheva.server.core.handler.CommandInboundHandler (CommandInboundHandler.java:50) - Началась с сервера на клиента передача файла: C:\java\Course_Project_Cloud\my-cloud-project\Cloud\Bob\Тестовый3.txt
INFO  2021-07-03 18:47:06 [nioEventLoopGroup-3-1] ru.gb.pugacheva.server.core.handler.CommandInboundHandler (CommandInboundHandler.java:51) - Файл передан
